# JRE version: OpenJDK Runtime Environment Temurin-21.0.8+9 (21.0.8+9) (build 21.0.8+9-LTS)
# Java VM: OpenJDK 64-Bit Server VM Temurin-21.0.8+9 (21.0.8+9-LTS, mixed mode, sharing, tiered, compressed oops, compressed class ptrs, parallel gc, windows-amd64)
GC Precious Log:
 CardTable entry size: 512
 CPUs: 12 total, 12 available
 Memory: 16236M
 Large Page Support: Disabled
 NUMA Support: Disabled
 Compressed Oops: Enabled (32-bit)
 Alignments: Space 512K, Generation 512K, Heap 2M
 Heap Min Capacity: 100M
 Heap Initial Capacity: 100M
 Heap Max Capacity: 2G
 Pre-touch: Disabled
 Parallel Workers: 10
Heap:
 PSYoungGen      total 4096K, used 3173K [0x00000000d5580000, 0x00000000d5d00000, 0x0000000100000000)
  eden space 3584K, 76% used [0x00000000d5580000,0x00000000d58317a8,0x00000000d5900000)
  from space 512K, 81% used [0x00000000d5c80000,0x00000000d5ce7fc8,0x00000000d5d00000)
  to   space 1536K, 0% used [0x00000000d5a00000,0x00000000d5a00000,0x00000000d5b80000)
 ParOldGen       total 674816K, used 674710K [0x0000000080000000, 0x00000000a9300000, 0x00000000d5580000)
  object space 674816K, 99% used [0x0000000080000000,0x00000000a92e5b48,0x00000000a9300000)
 Metaspace       used 74289K, committed 75904K, reserved 1179648K
  class space    used 7859K, committed 8512K, reserved 1048576K
GC Heap History (20 events):
Event: 136.341 GC heap before
{Heap before GC invocations=1412 (full 3):
 PSYoungGen      total 7168K, used 7080K [0x00000000d5580000, 0x00000000d5d80000, 0x0000000100000000)
  eden space 6656K, 100% used [0x00000000d5580000,0x00000000d5c00000,0x00000000d5c00000)
  from space 512K, 82% used [0x00000000d5d00000,0x00000000d5d6a310,0x00000000d5d80000)
  to   space 512K, 0% used [0x00000000d5c80000,0x00000000d5c80000,0x00000000d5d00000)
 ParOldGen       total 670208K, used 669983K [0x0000000080000000, 0x00000000a8e80000, 0x00000000d5580000)
  object space 670208K, 99% used [0x0000000080000000,0x00000000a8e47cd0,0x00000000a8e80000)
 Metaspace       used 73451K, committed 75072K, reserved 1179648K
  class space    used 7741K, committed 8448K, reserved 1048576K
}
Event: 136.344 GC heap after
{Heap after GC invocations=1412 (full 3):
 PSYoungGen      total 7168K, used 224K [0x00000000d5580000, 0x00000000d5d80000, 0x0000000100000000)
  eden space 6656K, 0% used [0x00000000d5580000,0x00000000d5580000,0x00000000d5c00000)
  from space 512K, 43% used [0x00000000d5c80000,0x00000000d5cb8000,0x00000000d5d00000)
  to   space 512K, 0% used [0x00000000d5d00000,0x00000000d5d00000,0x00000000d5d80000)
 ParOldGen       total 670720K, used 670234K [0x0000000080000000, 0x00000000a8f00000, 0x00000000d5580000)
  object space 670720K, 99% used [0x0000000080000000,0x00000000a8e86968,0x00000000a8f00000)
 Metaspace       used 73451K, committed 75072K, reserved 1179648K
  class space    used 7741K, committed 8448K, reserved 1048576K
}
Event: 136.353 GC heap before
{Heap before GC invocations=1413 (full 3):
 PSYoungGen      total 7168K, used 6880K [0x00000000d5580000, 0x00000000d5d80000, 0x0000000100000000)
  eden space 6656K, 100% used [0x00000000d5580000,0x00000000d5c00000,0x00000000d5c00000)
  from space 512K, 43% used [0x00000000d5c80000,0x00000000d5cb8000,0x00000000d5d00000)
  to   space 512K, 0% used [0x00000000d5d00000,0x00000000d5d00000,0x00000000d5d80000)
 ParOldGen       total 670720K, used 670234K [0x0000000080000000, 0x00000000a8f00000, 0x00000000d5580000)
  object space 670720K, 99% used [0x0000000080000000,0x00000000a8e86968,0x00000000a8f00000)
 Metaspace       used 73451K, committed 75072K, reserved 1179648K
  class space    used 7741K, committed 8448K, reserved 1048576K
}
Event: 136.356 GC heap after
{Heap after GC invocations=1413 (full 3):
 PSYoungGen      total 7168K, used 256K [0x00000000d5580000, 0x00000000d5d80000, 0x0000000100000000)
  eden space 6656K, 0% used [0x00000000d5580000,0x00000000d5580000,0x00000000d5c00000)
  from space 512K, 50% used [0x00000000d5d00000,0x00000000d5d40000,0x00000000d5d80000)
  to   space 512K, 0% used [0x00000000d5c80000,0x00000000d5c80000,0x00000000d5d00000)
 ParOldGen       total 670720K, used 670386K [0x0000000080000000, 0x00000000a8f00000, 0x00000000d5580000)
  object space 670720K, 99% used [0x0000000080000000,0x00000000a8eac968,0x00000000a8f00000)
 Metaspace       used 73451K, committed 75072K, reserved 1179648K
  class space    used 7741K, committed 8448K, reserved 1048576K
}
Event: 136.377 GC heap before
{Heap before GC invocations=1414 (full 3):
 PSYoungGen      total 7168K, used 6912K [0x00000000d5580000, 0x00000000d5d80000, 0x0000000100000000)
  eden space 6656K, 100% used [0x00000000d5580000,0x00000000d5c00000,0x00000000d5c00000)
  from space 512K, 50% used [0x00000000d5d00000,0x00000000d5d40000,0x00000000d5d80000)
  to   space 512K, 0% used [0x00000000d5c80000,0x00000000d5c80000,0x00000000d5d00000)
 ParOldGen       total 670720K, used 670386K [0x0000000080000000, 0x00000000a8f00000, 0x00000000d5580000)
  object space 670720K, 99% used [0x0000000080000000,0x00000000a8eac968,0x00000000a8f00000)
 Metaspace       used 73451K, committed 75072K, reserved 1179648K
  class space    used 7741K, committed 8448K, reserved 1048576K
}
Event: 136.380 GC heap after
{Heap after GC invocations=1414 (full 3):
 PSYoungGen      total 7168K, used 431K [0x00000000d5580000, 0x00000000d5d80000, 0x0000000100000000)
  eden space 6656K, 0% used [0x00000000d5580000,0x00000000d5580000,0x00000000d5c00000)
  from space 512K, 84% used [0x00000000d5c80000,0x00000000d5cebcd0,0x00000000d5d00000)
  to   space 512K, 0% used [0x00000000d5d00000,0x00000000d5d00000,0x00000000d5d80000)
 ParOldGen       total 670720K, used 670514K [0x0000000080000000, 0x00000000a8f00000, 0x00000000d5580000)
  object space 670720K, 99% used [0x0000000080000000,0x00000000a8ecc968,0x00000000a8f00000)
 Metaspace       used 73451K, committed 75072K, reserved 1179648K
  class space    used 7741K, committed 8448K, reserved 1048576K
}
Event: 136.400 GC heap before
{Heap before GC invocations=1415 (full 3):
 PSYoungGen      total 7168K, used 7087K [0x00000000d5580000, 0x00000000d5d80000, 0x0000000100000000)
  eden space 6656K, 100% used [0x00000000d5580000,0x00000000d5c00000,0x00000000d5c00000)
  from space 512K, 84% used [0x00000000d5c80000,0x00000000d5cebcd0,0x00000000d5d00000)
  to   space 512K, 0% used [0x00000000d5d00000,0x00000000d5d00000,0x00000000d5d80000)
 ParOldGen       total 670720K, used 670514K [0x0000000080000000, 0x00000000a8f00000, 0x00000000d5580000)
  object space 670720K, 99% used [0x0000000080000000,0x00000000a8ecc968,0x00000000a8f00000)
 Metaspace       used 73452K, committed 75072K, reserved 1179648K
  class space    used 7741K, committed 8448K, reserved 1048576K
}
Event: 136.403 GC heap after
{Heap after GC invocations=1415 (full 3):
 PSYoungGen      total 7168K, used 490K [0x00000000d5580000, 0x00000000d5e00000, 0x0000000100000000)
  eden space 6656K, 0% used [0x00000000d5580000,0x00000000d5580000,0x00000000d5c00000)
  from space 512K, 95% used [0x00000000d5d00000,0x00000000d5d7a818,0x00000000d5d80000)
  to   space 1024K, 0% used [0x00000000d5c00000,0x00000000d5c00000,0x00000000d5d00000)
 ParOldGen       total 671232K, used 670857K [0x0000000080000000, 0x00000000a8f80000, 0x00000000d5580000)
  object space 671232K, 99% used [0x0000000080000000,0x00000000a8f226a0,0x00000000a8f80000)
 Metaspace       used 73452K, committed 75072K, reserved 1179648K
  class space    used 7741K, committed 8448K, reserved 1048576K
}
Event: 136.415 GC heap before
{Heap before GC invocations=1416 (full 3):
 PSYoungGen      total 7168K, used 7146K [0x00000000d5580000, 0x00000000d5e00000, 0x0000000100000000)
  eden space 6656K, 100% used [0x00000000d5580000,0x00000000d5c00000,0x00000000d5c00000)
  from space 512K, 95% used [0x00000000d5d00000,0x00000000d5d7a818,0x00000000d5d80000)
  to   space 1024K, 0% used [0x00000000d5c00000,0x00000000d5c00000,0x00000000d5d00000)
 ParOldGen       total 671232K, used 670857K [0x0000000080000000, 0x00000000a8f80000, 0x00000000d5580000)
  object space 671232K, 99% used [0x0000000080000000,0x00000000a8f226a0,0x00000000a8f80000)
 Metaspace       used 73496K, committed 75136K, reserved 1179648K
  class space    used 7741K, committed 8448K, reserved 1048576K
}
Event: 136.418 GC heap after
{Heap after GC invocations=1416 (full 3):
 PSYoungGen      total 7680K, used 414K [0x00000000d5580000, 0x00000000d5e00000, 0x0000000100000000)
  eden space 6656K, 0% used [0x00000000d5580000,0x00000000d5580000,0x00000000d5c00000)
  from space 1024K, 40% used [0x00000000d5c00000,0x00000000d5c67830,0x00000000d5d00000)
  to   space 1024K, 0% used [0x00000000d5d00000,0x00000000d5d00000,0x00000000d5e00000)
 ParOldGen       total 671744K, used 671301K [0x0000000080000000, 0x00000000a9000000, 0x00000000d5580000)
  object space 671744K, 99% used [0x0000000080000000,0x00000000a8f916b0,0x00000000a9000000)
 Metaspace       used 73496K, committed 75136K, reserved 1179648K
  class space    used 7741K, committed 8448K, reserved 1048576K
}
Event: 136.518 GC heap before
{Heap before GC invocations=1417 (full 3):
 PSYoungGen      total 7680K, used 7070K [0x00000000d5580000, 0x00000000d5e00000, 0x0000000100000000)
  eden space 6656K, 100% used [0x00000000d5580000,0x00000000d5c00000,0x00000000d5c00000)
  from space 1024K, 40% used [0x00000000d5c00000,0x00000000d5c67830,0x00000000d5d00000)
  to   space 1024K, 0% used [0x00000000d5d00000,0x00000000d5d00000,0x00000000d5e00000)
 ParOldGen       total 671744K, used 671301K [0x0000000080000000, 0x00000000a9000000, 0x00000000d5580000)
  object space 671744K, 99% used [0x0000000080000000,0x00000000a8f916b0,0x00000000a9000000)
 Metaspace       used 73670K, committed 75264K, reserved 1179648K
  class space    used 7783K, committed 8448K, reserved 1048576K
}
Event: 136.522 GC heap after
{Heap after GC invocations=1417 (full 3):
 PSYoungGen      total 7168K, used 992K [0x00000000d5580000, 0x00000000d5f00000, 0x0000000100000000)
  eden space 6144K, 0% used [0x00000000d5580000,0x00000000d5580000,0x00000000d5b80000)
  from space 1024K, 96% used [0x00000000d5d00000,0x00000000d5df8010,0x00000000d5e00000)
  to   space 1536K, 0% used [0x00000000d5b80000,0x00000000d5b80000,0x00000000d5d00000)
 ParOldGen       total 671744K, used 671554K [0x0000000080000000, 0x00000000a9000000, 0x00000000d5580000)
  object space 671744K, 99% used [0x0000000080000000,0x00000000a8fd0928,0x00000000a9000000)
 Metaspace       used 73670K, committed 75264K, reserved 1179648K
  class space    used 7783K, committed 8448K, reserved 1048576K
}
Event: 136.655 GC heap before
{Heap before GC invocations=1418 (full 3):
 PSYoungGen      total 7168K, used 7136K [0x00000000d5580000, 0x00000000d5f00000, 0x0000000100000000)
  eden space 6144K, 100% used [0x00000000d5580000,0x00000000d5b80000,0x00000000d5b80000)
  from space 1024K, 96% used [0x00000000d5d00000,0x00000000d5df8010,0x00000000d5e00000)
  to   space 1536K, 0% used [0x00000000d5b80000,0x00000000d5b80000,0x00000000d5d00000)
 ParOldGen       total 671744K, used 671554K [0x0000000080000000, 0x00000000a9000000, 0x00000000d5580000)
  object space 671744K, 99% used [0x0000000080000000,0x00000000a8fd0928,0x00000000a9000000)
 Metaspace       used 73772K, committed 75328K, reserved 1179648K
  class space    used 7790K, committed 8448K, reserved 1048576K
}
Event: 136.660 GC heap after
{Heap after GC invocations=1418 (full 3):
 PSYoungGen      total 7680K, used 1504K [0x00000000d5580000, 0x00000000d6180000, 0x0000000100000000)
  eden space 6144K, 0% used [0x00000000d5580000,0x00000000d5580000,0x00000000d5b80000)
  from space 1536K, 97% used [0x00000000d5b80000,0x00000000d5cf8020,0x00000000d5d00000)
  to   space 3072K, 0% used [0x00000000d5e80000,0x00000000d5e80000,0x00000000d6180000)
 ParOldGen       total 672768K, used 672442K [0x0000000080000000, 0x00000000a9100000, 0x00000000d5580000)
  object space 672768K, 99% used [0x0000000080000000,0x00000000a90ae928,0x00000000a9100000)
 Metaspace       used 73772K, committed 75328K, reserved 1179648K
  class space    used 7790K, committed 8448K, reserved 1048576K
}
Event: 138.340 GC heap before
{Heap before GC invocations=1419 (full 3):
 PSYoungGen      total 7680K, used 7648K [0x00000000d5580000, 0x00000000d6180000, 0x0000000100000000)
  eden space 6144K, 100% used [0x00000000d5580000,0x00000000d5b80000,0x00000000d5b80000)
  from space 1536K, 97% used [0x00000000d5b80000,0x00000000d5cf8020,0x00000000d5d00000)
  to   space 3072K, 0% used [0x00000000d5e80000,0x00000000d5e80000,0x00000000d6180000)
 ParOldGen       total 672768K, used 672442K [0x0000000080000000, 0x00000000a9100000, 0x00000000d5580000)
  object space 672768K, 99% used [0x0000000080000000,0x00000000a90ae928,0x00000000a9100000)
 Metaspace       used 73989K, committed 75648K, reserved 1179648K
  class space    used 7834K, committed 8512K, reserved 1048576K
}
Event: 138.346 GC heap after
{Heap after GC invocations=1419 (full 3):
 PSYoungGen      total 6656K, used 3061K [0x00000000d5580000, 0x00000000d6680000, 0x0000000100000000)
  eden space 3584K, 0% used [0x00000000d5580000,0x00000000d5580000,0x00000000d5900000)
  from space 3072K, 99% used [0x00000000d5e80000,0x00000000d617d7f0,0x00000000d6180000)
  to   space 5632K, 0% used [0x00000000d5900000,0x00000000d5900000,0x00000000d5e80000)
 ParOldGen       total 674816K, used 674418K [0x0000000080000000, 0x00000000a9300000, 0x00000000d5580000)
  object space 674816K, 99% used [0x0000000080000000,0x00000000a929c948,0x00000000a9300000)
 Metaspace       used 73989K, committed 75648K, reserved 1179648K
  class space    used 7834K, committed 8512K, reserved 1048576K
}
Event: 138.382 GC heap before
{Heap before GC invocations=1420 (full 3):
 PSYoungGen      total 6656K, used 6645K [0x00000000d5580000, 0x00000000d6680000, 0x0000000100000000)
  eden space 3584K, 99% used [0x00000000d5580000,0x00000000d58fffa8,0x00000000d5900000)
  from space 3072K, 99% used [0x00000000d5e80000,0x00000000d617d7f0,0x00000000d6180000)
  to   space 5632K, 0% used [0x00000000d5900000,0x00000000d5900000,0x00000000d5e80000)
 ParOldGen       total 674816K, used 674418K [0x0000000080000000, 0x00000000a9300000, 0x00000000d5580000)
  object space 674816K, 99% used [0x0000000080000000,0x00000000a929c948,0x00000000a9300000)
 Metaspace       used 74011K, committed 75648K, reserved 1179648K
  class space    used 7837K, committed 8512K, reserved 1048576K
}
Event: 138.388 GC heap after
{Heap after GC invocations=1420 (full 3):
 PSYoungGen      total 6144K, used 2401K [0x00000000d5580000, 0x00000000d6000000, 0x0000000100000000)
  eden space 3584K, 0% used [0x00000000d5580000,0x00000000d5580000,0x00000000d5900000)
  from space 2560K, 93% used [0x00000000d5900000,0x00000000d5b585f0,0x00000000d5b80000)
  to   space 3584K, 0% used [0x00000000d5c80000,0x00000000d5c80000,0x00000000d6000000)
 ParOldGen       total 674816K, used 674670K [0x0000000080000000, 0x00000000a9300000, 0x00000000d5580000)
  object space 674816K, 99% used [0x0000000080000000,0x00000000a92dbb48,0x00000000a9300000)
 Metaspace       used 74011K, committed 75648K, reserved 1179648K
  class space    used 7837K, committed 8512K, reserved 1048576K
}
Event: 139.825 GC heap before
{Heap before GC invocations=1421 (full 3):
 PSYoungGen      total 6144K, used 5978K [0x00000000d5580000, 0x00000000d6000000, 0x0000000100000000)
  eden space 3584K, 99% used [0x00000000d5580000,0x00000000d58fe238,0x00000000d5900000)
  from space 2560K, 93% used [0x00000000d5900000,0x00000000d5b585f0,0x00000000d5b80000)
  to   space 3584K, 0% used [0x00000000d5c80000,0x00000000d5c80000,0x00000000d6000000)
 ParOldGen       total 674816K, used 674670K [0x0000000080000000, 0x00000000a9300000, 0x00000000d5580000)
  object space 674816K, 99% used [0x0000000080000000,0x00000000a92dbb48,0x00000000a9300000)
 Metaspace       used 74143K, committed 75776K, reserved 1179648K
  class space    used 7853K, committed 8512K, reserved 1048576K
}
Event: 139.828 GC heap after
{Heap after GC invocations=1421 (full 3):
 PSYoungGen      total 4096K, used 415K [0x00000000d5580000, 0x00000000d5d00000, 0x0000000100000000)
  eden space 3584K, 0% used [0x00000000d5580000,0x00000000d5580000,0x00000000d5900000)
  from space 512K, 81% used [0x00000000d5c80000,0x00000000d5ce7fc8,0x00000000d5d00000)
  to   space 1536K, 0% used [0x00000000d5a00000,0x00000000d5a00000,0x00000000d5b80000)
 ParOldGen       total 674816K, used 674710K [0x0000000080000000, 0x00000000a9300000, 0x00000000d5580000)
  object space 674816K, 99% used [0x0000000080000000,0x00000000a92e5b48,0x00000000a9300000)
 Metaspace       used 74143K, committed 75776K, reserved 1179648K
  class space    used 7853K, committed 8512K, reserved 1048576K
}

