# JRE version: OpenJDK Runtime Environment Temurin-21.0.8+9 (21.0.8+9) (build 21.0.8+9-LTS)
# Java VM: OpenJDK 64-Bit Server VM Temurin-21.0.8+9 (21.0.8+9-LTS, mixed mode, sharing, tiered, compressed oops, compressed class ptrs, parallel gc, windows-amd64)
GC Precious Log:
 CardTable entry size: 512
 CPUs: 12 total, 12 available
 Memory: 16236M
 Large Page Support: Disabled
 NUMA Support: Disabled
 Compressed Oops: Enabled (32-bit)
 Alignments: Space 512K, Generation 512K, Heap 2M
 Heap Min Capacity: 100M
 Heap Initial Capacity: 100M
 Heap Max Capacity: 2G
 Pre-touch: Disabled
 Parallel Workers: 10
Heap:
 PSYoungGen      total 6656K, used 2730K [0x00000000d5580000, 0x00000000d5e00000, 0x0000000100000000)
  eden space 5120K, 34% used [0x00000000d5580000,0x00000000d5733d98,0x00000000d5a80000)
  from space 1536K, 67% used [0x00000000d5c80000,0x00000000d5d84010,0x00000000d5e00000)
  to   space 1536K, 0% used [0x00000000d5b00000,0x00000000d5b00000,0x00000000d5c80000)
 ParOldGen       total 125440K, used 124972K [0x0000000080000000, 0x0000000087a80000, 0x00000000d5580000)
  object space 125440K, 99% used [0x0000000080000000,0x0000000087a0b218,0x0000000087a80000)
 Metaspace       used 56742K, committed 58112K, reserved 1114112K
  class space    used 5982K, committed 6528K, reserved 1048576K
GC Heap History (20 events):
Event: 12.766 GC heap before
{Heap before GC invocations=56 (full 2):
 PSYoungGen      total 11264K, used 10996K [0x00000000d5580000, 0x00000000d6580000, 0x0000000100000000)
  eden space 9216K, 100% used [0x00000000d5580000,0x00000000d5e80000,0x00000000d5e80000)
  from space 2048K, 86% used [0x00000000d5e80000,0x00000000d603d070,0x00000000d6080000)
  to   space 3584K, 0% used [0x00000000d6200000,0x00000000d6200000,0x00000000d6580000)
 ParOldGen       total 108544K, used 108308K [0x0000000080000000, 0x0000000086a00000, 0x00000000d5580000)
  object space 108544K, 99% used [0x0000000080000000,0x00000000869c53b0,0x0000000086a00000)
 Metaspace       used 56282K, committed 57600K, reserved 1114112K
  class space    used 5933K, committed 6464K, reserved 1048576K
}
Event: 12.770 GC heap after
{Heap after GC invocations=56 (full 2):
 PSYoungGen      total 11264K, used 1993K [0x00000000d5580000, 0x00000000d6400000, 0x0000000100000000)
  eden space 9216K, 0% used [0x00000000d5580000,0x00000000d5580000,0x00000000d5e80000)
  from space 2048K, 97% used [0x00000000d6200000,0x00000000d63f24d0,0x00000000d6400000)
  to   space 2560K, 0% used [0x00000000d5f00000,0x00000000d5f00000,0x00000000d6180000)
 ParOldGen       total 110080K, used 109899K [0x0000000080000000, 0x0000000086b80000, 0x00000000d5580000)
  object space 110080K, 99% used [0x0000000080000000,0x0000000086b52d68,0x0000000086b80000)
 Metaspace       used 56282K, committed 57600K, reserved 1114112K
  class space    used 5933K, committed 6464K, reserved 1048576K
}
Event: 12.827 GC heap before
{Heap before GC invocations=57 (full 2):
 PSYoungGen      total 11264K, used 11209K [0x00000000d5580000, 0x00000000d6400000, 0x0000000100000000)
  eden space 9216K, 100% used [0x00000000d5580000,0x00000000d5e80000,0x00000000d5e80000)
  from space 2048K, 97% used [0x00000000d6200000,0x00000000d63f24d0,0x00000000d6400000)
  to   space 2560K, 0% used [0x00000000d5f00000,0x00000000d5f00000,0x00000000d6180000)
 ParOldGen       total 110080K, used 109899K [0x0000000080000000, 0x0000000086b80000, 0x00000000d5580000)
  object space 110080K, 99% used [0x0000000080000000,0x0000000086b52d68,0x0000000086b80000)
 Metaspace       used 56297K, committed 57600K, reserved 1114112K
  class space    used 5933K, committed 6464K, reserved 1048576K
}
Event: 12.829 GC heap after
{Heap after GC invocations=57 (full 2):
 PSYoungGen      total 11264K, used 2013K [0x00000000d5580000, 0x00000000d6280000, 0x0000000100000000)
  eden space 9216K, 0% used [0x00000000d5580000,0x00000000d5580000,0x00000000d5e80000)
  from space 2048K, 98% used [0x00000000d5f00000,0x00000000d60f75f0,0x00000000d6100000)
  to   space 1536K, 0% used [0x00000000d6100000,0x00000000d6100000,0x00000000d6280000)
 ParOldGen       total 112128K, used 111706K [0x0000000080000000, 0x0000000086d80000, 0x00000000d5580000)
  object space 112128K, 99% used [0x0000000080000000,0x0000000086d16898,0x0000000086d80000)
 Metaspace       used 56297K, committed 57600K, reserved 1114112K
  class space    used 5933K, committed 6464K, reserved 1048576K
}
Event: 12.873 GC heap before
{Heap before GC invocations=58 (full 2):
 PSYoungGen      total 11264K, used 11229K [0x00000000d5580000, 0x00000000d6280000, 0x0000000100000000)
  eden space 9216K, 100% used [0x00000000d5580000,0x00000000d5e80000,0x00000000d5e80000)
  from space 2048K, 98% used [0x00000000d5f00000,0x00000000d60f75f0,0x00000000d6100000)
  to   space 1536K, 0% used [0x00000000d6100000,0x00000000d6100000,0x00000000d6280000)
 ParOldGen       total 112128K, used 111706K [0x0000000080000000, 0x0000000086d80000, 0x00000000d5580000)
  object space 112128K, 99% used [0x0000000080000000,0x0000000086d16898,0x0000000086d80000)
 Metaspace       used 56312K, committed 57600K, reserved 1114112K
  class space    used 5933K, committed 6464K, reserved 1048576K
}
Event: 12.876 GC heap after
{Heap after GC invocations=58 (full 2):
 PSYoungGen      total 8704K, used 1533K [0x00000000d5580000, 0x00000000d6780000, 0x0000000100000000)
  eden space 7168K, 0% used [0x00000000d5580000,0x00000000d5580000,0x00000000d5c80000)
  from space 1536K, 99% used [0x00000000d6100000,0x00000000d627f440,0x00000000d6280000)
  to   space 4608K, 0% used [0x00000000d5c80000,0x00000000d5c80000,0x00000000d6100000)
 ParOldGen       total 114176K, used 114041K [0x0000000080000000, 0x0000000086f80000, 0x00000000d5580000)
  object space 114176K, 99% used [0x0000000080000000,0x0000000086f5e600,0x0000000086f80000)
 Metaspace       used 56312K, committed 57600K, reserved 1114112K
  class space    used 5933K, committed 6464K, reserved 1048576K
}
Event: 12.911 GC heap before
{Heap before GC invocations=59 (full 2):
 PSYoungGen      total 8704K, used 8701K [0x00000000d5580000, 0x00000000d6780000, 0x0000000100000000)
  eden space 7168K, 100% used [0x00000000d5580000,0x00000000d5c80000,0x00000000d5c80000)
  from space 1536K, 99% used [0x00000000d6100000,0x00000000d627f440,0x00000000d6280000)
  to   space 4608K, 0% used [0x00000000d5c80000,0x00000000d5c80000,0x00000000d6100000)
 ParOldGen       total 114176K, used 114041K [0x0000000080000000, 0x0000000086f80000, 0x00000000d5580000)
  object space 114176K, 99% used [0x0000000080000000,0x0000000086f5e600,0x0000000086f80000)
 Metaspace       used 56326K, committed 57664K, reserved 1114112K
  class space    used 5933K, committed 6464K, reserved 1048576K
}
Event: 12.913 GC heap after
{Heap after GC invocations=59 (full 2):
 PSYoungGen      total 9216K, used 1697K [0x00000000d5580000, 0x00000000d6180000, 0x0000000100000000)
  eden space 7168K, 0% used [0x00000000d5580000,0x00000000d5580000,0x00000000d5c80000)
  from space 2048K, 82% used [0x00000000d5c80000,0x00000000d5e286d8,0x00000000d5e80000)
  to   space 2560K, 0% used [0x00000000d5f00000,0x00000000d5f00000,0x00000000d6180000)
 ParOldGen       total 115712K, used 115613K [0x0000000080000000, 0x0000000087100000, 0x00000000d5580000)
  object space 115712K, 99% used [0x0000000080000000,0x00000000870e7578,0x0000000087100000)
 Metaspace       used 56326K, committed 57664K, reserved 1114112K
  class space    used 5933K, committed 6464K, reserved 1048576K
}
Event: 12.944 GC heap before
{Heap before GC invocations=60 (full 2):
 PSYoungGen      total 9216K, used 8865K [0x00000000d5580000, 0x00000000d6180000, 0x0000000100000000)
  eden space 7168K, 100% used [0x00000000d5580000,0x00000000d5c80000,0x00000000d5c80000)
  from space 2048K, 82% used [0x00000000d5c80000,0x00000000d5e286d8,0x00000000d5e80000)
  to   space 2560K, 0% used [0x00000000d5f00000,0x00000000d5f00000,0x00000000d6180000)
 ParOldGen       total 115712K, used 115613K [0x0000000080000000, 0x0000000087100000, 0x00000000d5580000)
  object space 115712K, 99% used [0x0000000080000000,0x00000000870e7578,0x0000000087100000)
 Metaspace       used 56342K, committed 57664K, reserved 1114112K
  class space    used 5933K, committed 6464K, reserved 1048576K
}
Event: 12.947 GC heap after
{Heap after GC invocations=60 (full 2):
 PSYoungGen      total 8704K, used 1458K [0x00000000d5580000, 0x00000000d6080000, 0x0000000100000000)
  eden space 7168K, 0% used [0x00000000d5580000,0x00000000d5580000,0x00000000d5c80000)
  from space 1536K, 94% used [0x00000000d5f00000,0x00000000d606c930,0x00000000d6080000)
  to   space 2048K, 0% used [0x00000000d5c80000,0x00000000d5c80000,0x00000000d5e80000)
 ParOldGen       total 117248K, used 116988K [0x0000000080000000, 0x0000000087280000, 0x00000000d5580000)
  object space 117248K, 99% used [0x0000000080000000,0x000000008723f390,0x0000000087280000)
 Metaspace       used 56342K, committed 57664K, reserved 1114112K
  class space    used 5933K, committed 6464K, reserved 1048576K
}
Event: 12.976 GC heap before
{Heap before GC invocations=61 (full 2):
 PSYoungGen      total 8704K, used 8626K [0x00000000d5580000, 0x00000000d6080000, 0x0000000100000000)
  eden space 7168K, 100% used [0x00000000d5580000,0x00000000d5c80000,0x00000000d5c80000)
  from space 1536K, 94% used [0x00000000d5f00000,0x00000000d606c930,0x00000000d6080000)
  to   space 2048K, 0% used [0x00000000d5c80000,0x00000000d5c80000,0x00000000d5e80000)
 ParOldGen       total 117248K, used 116988K [0x0000000080000000, 0x0000000087280000, 0x00000000d5580000)
  object space 117248K, 99% used [0x0000000080000000,0x000000008723f390,0x0000000087280000)
 Metaspace       used 56360K, committed 57664K, reserved 1114112K
  class space    used 5933K, committed 6464K, reserved 1048576K
}
Event: 12.977 GC heap after
{Heap after GC invocations=61 (full 2):
 PSYoungGen      total 8704K, used 1472K [0x00000000d5580000, 0x00000000d5f80000, 0x0000000100000000)
  eden space 7168K, 0% used [0x00000000d5580000,0x00000000d5580000,0x00000000d5c80000)
  from space 1536K, 95% used [0x00000000d5c80000,0x00000000d5df0288,0x00000000d5e00000)
  to   space 1536K, 0% used [0x00000000d5e00000,0x00000000d5e00000,0x00000000d5f80000)
 ParOldGen       total 118784K, used 118310K [0x0000000080000000, 0x0000000087400000, 0x00000000d5580000)
  object space 118784K, 99% used [0x0000000080000000,0x0000000087389880,0x0000000087400000)
 Metaspace       used 56360K, committed 57664K, reserved 1114112K
  class space    used 5933K, committed 6464K, reserved 1048576K
}
Event: 13.005 GC heap before
{Heap before GC invocations=62 (full 2):
 PSYoungGen      total 8704K, used 8640K [0x00000000d5580000, 0x00000000d5f80000, 0x0000000100000000)
  eden space 7168K, 100% used [0x00000000d5580000,0x00000000d5c80000,0x00000000d5c80000)
  from space 1536K, 95% used [0x00000000d5c80000,0x00000000d5df0288,0x00000000d5e00000)
  to   space 1536K, 0% used [0x00000000d5e00000,0x00000000d5e00000,0x00000000d5f80000)
 ParOldGen       total 118784K, used 118310K [0x0000000080000000, 0x0000000087400000, 0x00000000d5580000)
  object space 118784K, 99% used [0x0000000080000000,0x0000000087389880,0x0000000087400000)
 Metaspace       used 56375K, committed 57664K, reserved 1114112K
  class space    used 5933K, committed 6464K, reserved 1048576K
}
Event: 13.008 GC heap after
{Heap after GC invocations=62 (full 2):
 PSYoungGen      total 6656K, used 1504K [0x00000000d5580000, 0x00000000d6380000, 0x0000000100000000)
  eden space 5120K, 0% used [0x00000000d5580000,0x00000000d5580000,0x00000000d5a80000)
  from space 1536K, 97% used [0x00000000d5e00000,0x00000000d5f781c0,0x00000000d5f80000)
  to   space 3584K, 0% used [0x00000000d5a80000,0x00000000d5a80000,0x00000000d5e00000)
 ParOldGen       total 119808K, used 119774K [0x0000000080000000, 0x0000000087500000, 0x00000000d5580000)
  object space 119808K, 99% used [0x0000000080000000,0x00000000874f7858,0x0000000087500000)
 Metaspace       used 56375K, committed 57664K, reserved 1114112K
  class space    used 5933K, committed 6464K, reserved 1048576K
}
Event: 13.041 GC heap before
{Heap before GC invocations=63 (full 2):
 PSYoungGen      total 6656K, used 6624K [0x00000000d5580000, 0x00000000d6380000, 0x0000000100000000)
  eden space 5120K, 100% used [0x00000000d5580000,0x00000000d5a80000,0x00000000d5a80000)
  from space 1536K, 97% used [0x00000000d5e00000,0x00000000d5f781c0,0x00000000d5f80000)
  to   space 3584K, 0% used [0x00000000d5a80000,0x00000000d5a80000,0x00000000d5e00000)
 ParOldGen       total 119808K, used 119774K [0x0000000080000000, 0x0000000087500000, 0x00000000d5580000)
  object space 119808K, 99% used [0x0000000080000000,0x00000000874f7858,0x0000000087500000)
 Metaspace       used 56381K, committed 57664K, reserved 1114112K
  class space    used 5933K, committed 6464K, reserved 1048576K
}
Event: 13.043 GC heap after
{Heap after GC invocations=63 (full 2):
 PSYoungGen      total 6656K, used 1106K [0x00000000d5580000, 0x00000000d5e80000, 0x0000000100000000)
  eden space 5120K, 0% used [0x00000000d5580000,0x00000000d5580000,0x00000000d5a80000)
  from space 1536K, 72% used [0x00000000d5a80000,0x00000000d5b94a50,0x00000000d5c00000)
  to   space 2048K, 0% used [0x00000000d5c80000,0x00000000d5c80000,0x00000000d5e80000)
 ParOldGen       total 121344K, used 121138K [0x0000000080000000, 0x0000000087680000, 0x00000000d5580000)
  object space 121344K, 99% used [0x0000000080000000,0x000000008764cb10,0x0000000087680000)
 Metaspace       used 56381K, committed 57664K, reserved 1114112K
  class space    used 5933K, committed 6464K, reserved 1048576K
}
Event: 13.085 GC heap before
{Heap before GC invocations=64 (full 2):
 PSYoungGen      total 6656K, used 6226K [0x00000000d5580000, 0x00000000d5e80000, 0x0000000100000000)
  eden space 5120K, 100% used [0x00000000d5580000,0x00000000d5a80000,0x00000000d5a80000)
  from space 1536K, 72% used [0x00000000d5a80000,0x00000000d5b94a50,0x00000000d5c00000)
  to   space 2048K, 0% used [0x00000000d5c80000,0x00000000d5c80000,0x00000000d5e80000)
 ParOldGen       total 121344K, used 121138K [0x0000000080000000, 0x0000000087680000, 0x00000000d5580000)
  object space 121344K, 99% used [0x0000000080000000,0x000000008764cb10,0x0000000087680000)
 Metaspace       used 56484K, committed 57856K, reserved 1114112K
  class space    used 5946K, committed 6528K, reserved 1048576K
}
Event: 13.089 GC heap after
{Heap after GC invocations=64 (full 2):
 PSYoungGen      total 5632K, used 480K [0x00000000d5580000, 0x00000000d5d00000, 0x0000000100000000)
  eden space 5120K, 0% used [0x00000000d5580000,0x00000000d5580000,0x00000000d5a80000)
  from space 512K, 93% used [0x00000000d5c80000,0x00000000d5cf8000,0x00000000d5d00000)
  to   space 1024K, 0% used [0x00000000d5b00000,0x00000000d5b00000,0x00000000d5c00000)
 ParOldGen       total 123904K, used 123841K [0x0000000080000000, 0x0000000087900000, 0x00000000d5580000)
  object space 123904K, 99% used [0x0000000080000000,0x00000000878f04e8,0x0000000087900000)
 Metaspace       used 56484K, committed 57856K, reserved 1114112K
  class space    used 5946K, committed 6528K, reserved 1048576K
}
Event: 13.133 GC heap before
{Heap before GC invocations=65 (full 2):
 PSYoungGen      total 5632K, used 5586K [0x00000000d5580000, 0x00000000d5d00000, 0x0000000100000000)
  eden space 5120K, 99% used [0x00000000d5580000,0x00000000d5a7ca80,0x00000000d5a80000)
  from space 512K, 93% used [0x00000000d5c80000,0x00000000d5cf8000,0x00000000d5d00000)
  to   space 1024K, 0% used [0x00000000d5b00000,0x00000000d5b00000,0x00000000d5c00000)
 ParOldGen       total 123904K, used 123841K [0x0000000080000000, 0x0000000087900000, 0x00000000d5580000)
  object space 123904K, 99% used [0x0000000080000000,0x00000000878f04e8,0x0000000087900000)
 Metaspace       used 56656K, committed 57984K, reserved 1114112K
  class space    used 5966K, committed 6528K, reserved 1048576K
}
Event: 13.135 GC heap after
{Heap after GC invocations=65 (full 2):
 PSYoungGen      total 6144K, used 1015K [0x00000000d5580000, 0x00000000d5e80000, 0x0000000100000000)
  eden space 5120K, 0% used [0x00000000d5580000,0x00000000d5580000,0x00000000d5a80000)
  from space 1024K, 99% used [0x00000000d5b00000,0x00000000d5bfdf38,0x00000000d5c00000)
  to   space 2048K, 0% used [0x00000000d5c80000,0x00000000d5c80000,0x00000000d5e80000)
 ParOldGen       total 124928K, used 124477K [0x0000000080000000, 0x0000000087a00000, 0x00000000d5580000)
  object space 124928K, 99% used [0x0000000080000000,0x000000008798f408,0x0000000087a00000)
 Metaspace       used 56656K, committed 57984K, reserved 1114112K
  class space    used 5966K, committed 6528K, reserved 1048576K
}

